<?xml version="1.0" encoding="UTF-8"?>
<testng-results skipped="0" failed="0" ignored="0" total="0" passed="0">
  <reporter-output>
  </reporter-output>
  <suite name="Suite" duration-ms="281" started-at="2021-07-29T11:24:46 IST" finished-at="2021-07-29T11:24:47 IST">
    <groups>
    </groups>
    <test name="Test-runner2" duration-ms="130" started-at="2021-07-29T11:24:47 IST" finished-at="2021-07-29T11:24:47 IST">
    </test> <!-- Test-runner2 -->
    <test name="Test-runner1" duration-ms="281" started-at="2021-07-29T11:24:46 IST" finished-at="2021-07-29T11:24:47 IST">
    </test> <!-- Test-runner1 -->
  </suite> <!-- Suite -->
</testng-results>
