<?xml version="1.0" encoding="UTF-8"?>
<!-- Generated by org.testng.reporters.JUnitXMLReporter -->
<testsuite hostname="PC" ignored="0" name="Test" tests="4" failures="0" timestamp="2021-07-26T10:32:16 IST" time="0.249" errors="0">
  <testcase name="SearchProductWithIDTest" time="0.033" classname="sample.SearchProductTest"/>
  <testcase name="CreateProductWithNameIDTest" time="0.033" classname="sample.CreateProductTest"/>
  <testcase name="CreateProductWithNameTest" time="0.014" classname="sample.CreateProductTest"/>
  <testcase name="SearchProductWithNameTest" time="0.015" classname="sample.SearchProductTest"/>
</testsuite> <!-- Test -->
